<?xml version="1.0" encoding="UTF-8"?>
<testsuite xmlns:xsi="http://www.w3.org/2001/XMLSchema-instance" xsi:noNamespaceSchemaLocation="https://maven.apache.org/surefire/maven-surefire-plugin/xsd/surefire-test-report.xsd" name="ua.lviv.iot.manager.StorageManagerUtilsTest" time="0.056" tests="2" errors="0" skipped="0" failures="0">
  <properties>
[...]
</properties>
  <testcase name="testSortingAscending" classname="ua.lviv.iot.manager.StorageManagerUtilsTest" time="0.045"/>
  <testcase name="testSortingDescending" classname="ua.lviv.iot.manager.StorageManagerUtilsTest" time="0.002"/>
</testsuite>